2025-07-25 15:59:40,309 - INFO - Data Processing Initialized ...
2025-07-25 15:59:41,766 - INFO - Data Loaded Successfully
2025-07-25 15:59:42,060 - INFO - Filtered Data Successfully ...
2025-07-25 15:59:43,563 - INFO - Scaling done successfully ...
2025-07-25 15:59:43,877 - INFO - Encoding done for users and anime successfully ...
2025-07-25 15:59:45,603 - INFO - Splitting data done successfully ...
2025-07-25 15:59:46,121 - INFO - user2user_encoded saved successfully at artifacts directory ...
2025-07-25 15:59:46,134 - INFO - user2user_decoded saved successfully at artifacts directory ...
2025-07-25 15:59:46,213 - INFO - anime2anime_encoded saved successfully at artifacts directory ...
2025-07-25 15:59:46,293 - INFO - anime2anime_decoded saved successfully at artifacts directory ...
2025-07-25 15:59:52,786 - INFO - All training, testing and rating df data is saved successfully ...
2025-07-25 15:59:53,694 - ERROR - Error in F:\Learnings\MLOps - Udemy\Hands on trial\MLOPS Proj 2\src\data_processing.py, line 154 : Error during Process Anime Data ...
2025-07-25 16:06:21,485 - INFO - Data Processing Initialized ...
2025-07-25 16:06:23,159 - INFO - Data Loaded Successfully
2025-07-25 16:06:23,595 - INFO - Filtered Data Successfully ...
2025-07-25 16:06:24,934 - INFO - Scaling done successfully ...
2025-07-25 16:06:25,341 - INFO - Encoding done for users and anime successfully ...
2025-07-25 16:06:26,346 - INFO - Splitting data done successfully ...
2025-07-25 16:06:26,937 - INFO - user2user_encoded saved successfully at artifacts directory ...
2025-07-25 16:06:26,939 - INFO - user2user_decoded saved successfully at artifacts directory ...
2025-07-25 16:06:26,994 - INFO - anime2anime_encoded saved successfully at artifacts directory ...
2025-07-25 16:06:27,033 - INFO - anime2anime_decoded saved successfully at artifacts directory ...
2025-07-25 16:06:33,755 - INFO - All training, testing and rating df data is saved successfully ...
2025-07-25 16:06:34,189 - ERROR - Error in F:\Learnings\MLOps - Udemy\Hands on trial\MLOPS Proj 2\src\data_processing.py, line 154 : Error during Process Anime Data ...
2025-07-25 16:11:24,407 - INFO - Data Processing Initialized ...
2025-07-25 16:11:25,769 - INFO - Data Loaded Successfully
2025-07-25 16:11:26,161 - INFO - Filtered Data Successfully ...
2025-07-25 16:11:27,526 - INFO - Scaling done successfully ...
2025-07-25 16:11:27,838 - INFO - Encoding done for users and anime successfully ...
2025-07-25 16:11:31,467 - INFO - Splitting data done successfully ...
2025-07-25 16:11:33,918 - INFO - user2user_encoded saved successfully at artifacts directory ...
2025-07-25 16:11:33,918 - INFO - user2user_decoded saved successfully at artifacts directory ...
2025-07-25 16:11:33,971 - INFO - anime2anime_encoded saved successfully at artifacts directory ...
2025-07-25 16:11:33,998 - INFO - anime2anime_decoded saved successfully at artifacts directory ...
2025-07-25 16:11:40,363 - INFO - All training, testing and rating df data is saved successfully ...
2025-07-25 16:11:40,827 - ERROR - Error in F:\Learnings\MLOps - Udemy\Hands on trial\MLOPS Proj 2\src\data_processing.py, line 155 : Error during Process Anime Data ...
2025-07-25 16:14:43,027 - INFO - Data Processing Initialized ...
2025-07-25 16:14:44,264 - INFO - Data Loaded Successfully
2025-07-25 16:14:44,619 - INFO - Filtered Data Successfully ...
2025-07-25 16:14:45,986 - INFO - Scaling done successfully ...
2025-07-25 16:14:46,239 - INFO - Encoding done for users and anime successfully ...
2025-07-25 16:14:47,138 - INFO - Splitting data done successfully ...
2025-07-25 16:14:47,218 - INFO - user2user_encoded saved successfully at artifacts directory ...
2025-07-25 16:14:47,218 - INFO - user2user_decoded saved successfully at artifacts directory ...
2025-07-25 16:14:47,265 - INFO - anime2anime_encoded saved successfully at artifacts directory ...
2025-07-25 16:14:47,308 - INFO - anime2anime_decoded saved successfully at artifacts directory ...
2025-07-25 16:14:53,503 - INFO - All training, testing and rating df data is saved successfully ...
2025-07-25 16:14:59,305 - INFO - Processed anime data, saved df and synopsis df successfully ...
2025-07-25 16:14:59,305 - INFO - Data processing pipeline successful ...
