2025-07-26 12:13:23,256 - INFO - Model Training initialized ...
2025-07-26 12:13:24,173 - INFO - Data loaded successfully for Model Training
2025-07-26 12:13:24,718 - INFO - Successfully read the YAML file
2025-07-26 12:13:24,718 - INFO - loaded configuration data from config yaml
2025-07-26 12:13:26,750 - INFO - Model created successfully ...
2025-07-26 12:16:59,334 - INFO - Model Training initialized ...
2025-07-26 12:17:00,147 - INFO - Data loaded successfully for Model Training
2025-07-26 12:17:00,220 - INFO - Successfully read the YAML file
2025-07-26 12:17:00,220 - INFO - loaded configuration data from config yaml
2025-07-26 12:17:02,292 - INFO - Model created successfully ...
2025-07-26 12:29:13,315 - INFO - Model Training initialized ...
2025-07-26 12:29:14,236 - INFO - Data loaded successfully for Model Training
2025-07-26 12:29:14,330 - INFO - Successfully read the YAML file
2025-07-26 12:29:14,330 - INFO - loaded configuration data from config yaml
2025-07-26 12:29:16,264 - INFO - Model created successfully ...
2025-07-26 12:34:48,107 - INFO - Model Training initialized ...
2025-07-26 12:34:48,939 - INFO - Data loaded successfully for Model Training
2025-07-26 12:34:49,058 - INFO - Successfully read the YAML file
2025-07-26 12:34:49,058 - INFO - loaded configuration data from config yaml
2025-07-26 12:34:51,136 - INFO - Model created successfully ...
2025-07-26 12:37:50,273 - INFO - Model Training initialized ...
2025-07-26 12:37:51,911 - INFO - Data loaded successfully for Model Training
2025-07-26 12:37:51,982 - INFO - Successfully read the YAML file
2025-07-26 12:37:51,982 - INFO - loaded configuration data from config yaml
2025-07-26 12:37:53,894 - INFO - Model created successfully ...
2025-07-26 12:43:14,234 - INFO - Model Training initialized ...
2025-07-26 12:43:15,159 - INFO - Data loaded successfully for Model Training
2025-07-26 12:43:15,271 - INFO - Successfully read the YAML file
2025-07-26 12:43:15,271 - INFO - loaded configuration data from config yaml
2025-07-26 12:43:17,034 - INFO - Model created successfully ...
2025-07-26 13:02:21,003 - INFO - Data Processing Initialized ...
2025-07-26 13:02:22,454 - INFO - Data Loaded Successfully
2025-07-26 13:02:22,877 - INFO - Filtered Data Successfully ...
2025-07-26 13:02:24,255 - INFO - Scaling done successfully ...
2025-07-26 13:02:24,491 - INFO - Encoding done for users and anime successfully ...
2025-07-26 13:02:25,588 - INFO - Splitting data done successfully ...
2025-07-26 13:02:25,589 - INFO - Data processing pipeline successful ...
2025-07-26 14:32:46,928 - INFO - Data Processing Initialized ...
2025-07-26 14:32:48,760 - INFO - Data Loaded Successfully
2025-07-26 14:32:49,198 - INFO - Filtered Data Successfully ...
2025-07-26 14:32:50,563 - INFO - Scaling done successfully ...
2025-07-26 14:32:51,019 - INFO - Encoding done for users and anime successfully ...
2025-07-26 14:32:51,966 - INFO - Splitting data done successfully ...
2025-07-26 14:32:52,149 - INFO - user2user_encoded saved successfully at artifacts directory ...
2025-07-26 14:32:52,181 - INFO - user2user_decoded saved successfully at artifacts directory ...
2025-07-26 14:32:52,229 - INFO - anime2anime_encoded saved successfully at artifacts directory ...
2025-07-26 14:32:52,276 - INFO - anime2anime_decoded saved successfully at artifacts directory ...
2025-07-26 14:33:01,607 - INFO - All training, testing and rating df data is saved successfully ...
2025-07-26 14:33:08,736 - INFO - Processed anime data, saved df and synopsis df successfully ...
2025-07-26 14:33:08,741 - INFO - Data processing pipeline successful ...
2025-07-26 14:37:33,079 - INFO - Model Training initialized ...
2025-07-26 14:37:34,749 - INFO - Data loaded successfully for Model Training
2025-07-26 14:37:34,862 - INFO - Successfully read the YAML file
2025-07-26 14:37:34,862 - INFO - loaded configuration data from config yaml
2025-07-26 14:37:37,031 - INFO - Model created successfully ...
2025-07-26 14:39:55,250 - INFO - Model training done successfully ...
2025-07-26 14:39:55,250 - WARNING - You are saving your model as an HDF5 file via `model.save()` or `keras.saving.save_model(model)`. This file format is considered legacy. We recommend using instead the native Keras format, e.g. `model.save('my_model.keras')` or `keras.saving.save_model(model, 'my_model.keras')`. 
2025-07-26 14:39:55,704 - INFO - Model weights saved to artifacts/model\model.h5
2025-07-26 14:39:55,738 - INFO - Weights extraction done successfully for user_embedding
2025-07-26 14:39:55,752 - INFO - Weights extraction done successfully for anime_embedding
2025-07-26 14:39:55,793 - INFO - User and Anime weights saved successfully
2025-07-26 16:06:02,715 - INFO - Model Training & Comet-ml initialized ...
2025-07-26 16:06:10,875 - INFO - Data loaded successfully for Model Training
2025-07-26 16:06:11,156 - INFO - Successfully read the YAML file
2025-07-26 16:06:11,156 - INFO - loaded configuration data from config yaml
2025-07-26 16:06:13,746 - INFO - Model created successfully ...
2025-07-26 16:08:38,088 - INFO - Model training done successfully ...
2025-07-26 16:08:38,088 - WARNING - You are saving your model as an HDF5 file via `model.save()` or `keras.saving.save_model(model)`. This file format is considered legacy. We recommend using instead the native Keras format, e.g. `model.save('my_model.keras')` or `keras.saving.save_model(model, 'my_model.keras')`. 
2025-07-26 16:08:38,345 - INFO - Model weights saved to artifacts/model\model.h5
2025-07-26 16:08:38,362 - INFO - Weights extraction done successfully for user_embedding
2025-07-26 16:08:38,382 - INFO - Weights extraction done successfully for anime_embedding
2025-07-26 16:08:38,617 - INFO - User and Anime weights saved successfully
2025-07-26 16:41:18,556 - INFO - Data Processing Initialized ...
2025-07-26 16:41:20,136 - INFO - Data Loaded Successfully
2025-07-26 16:41:20,571 - INFO - Filtered Data Successfully ...
2025-07-26 16:41:22,127 - INFO - Scaling done successfully ...
2025-07-26 16:41:22,474 - INFO - Encoding done for users and anime successfully ...
2025-07-26 16:41:31,829 - INFO - Splitting data done successfully ...
2025-07-26 16:41:32,356 - INFO - user2user_encoded saved successfully at artifacts directory ...
2025-07-26 16:41:32,385 - INFO - user2user_decoded saved successfully at artifacts directory ...
2025-07-26 16:41:32,428 - INFO - anime2anime_encoded saved successfully at artifacts directory ...
2025-07-26 16:41:32,490 - INFO - anime2anime_decoded saved successfully at artifacts directory ...
2025-07-26 16:41:40,015 - INFO - All training, testing and rating df data is saved successfully ...
2025-07-26 16:41:46,393 - INFO - Processed anime data, saved df and synopsis df successfully ...
2025-07-26 16:41:46,393 - INFO - Data processing pipeline successful ...
2025-07-26 16:42:03,835 - INFO - Model Training & Comet-ml initialized ...
2025-07-26 16:42:06,365 - INFO - Data loaded successfully for Model Training
2025-07-26 16:42:06,460 - INFO - Successfully read the YAML file
2025-07-26 16:42:06,460 - INFO - loaded configuration data from config yaml
2025-07-26 16:42:09,402 - INFO - Model created successfully ...
2025-07-26 16:44:33,454 - INFO - Model training done successfully ...
2025-07-26 16:44:33,456 - WARNING - You are saving your model as an HDF5 file via `model.save()` or `keras.saving.save_model(model)`. This file format is considered legacy. We recommend using instead the native Keras format, e.g. `model.save('my_model.keras')` or `keras.saving.save_model(model, 'my_model.keras')`. 
2025-07-26 16:44:33,952 - INFO - Model weights saved to artifacts/model\model.h5
2025-07-26 16:44:33,952 - INFO - Weights extraction done successfully for user_embedding
2025-07-26 16:44:33,968 - INFO - Weights extraction done successfully for anime_embedding
2025-07-26 16:44:34,081 - INFO - User and Anime weights saved successfully
